<?xml version="1.0" encoding="UTF-8"?>
<!-- Generated by org.testng.reporters.JUnitReportReporter -->
<testsuite skipped="0" hostname="DESKTOP-8M4VIMH" name="tests.AmazonOtpautomation" tests="1" failures="0" timestamp="2021-02-14T16:57:04 EST" time="81.693" errors="0">
  <testcase name="method" time="81.693" classname="tests.AmazonOtpautomation"/>
  <system-out/>
</testsuite> <!-- tests.AmazonOtpautomation -->
