<?xml version="1.0" encoding="UTF-8"?>
<!-- Generated by org.testng.reporters.JUnitReportReporter -->
<testsuite skipped="0" hostname="DESKTOP-8M4VIMH" name="tests.Test1" tests="1" failures="0" timestamp="2021-02-13T22:36:30 EST" time="1.967" errors="0">
  <testcase name="method" time="1.967" classname="tests.Test1"/>
  <system-out/>
</testsuite> <!-- tests.Test1 -->
